<?xml version="1.0" encoding="UTF-8"?>
<coverage generated="1747120205782" clover="3.2.0">
  <project timestamp="1747120205783" name="All files">
    <metrics statements="7" coveredstatements="6" conditionals="5" coveredconditionals="4" methods="2" coveredmethods="2" elements="14" coveredelements="12" complexity="0" loc="7" ncloc="7" packages="2" files="2" classes="2"/>
    <package name="app">
      <metrics statements="2" coveredstatements="2" conditionals="0" coveredconditionals="0" methods="1" coveredmethods="1"/>
      <file name="greeting.ts" path="/home/vespa9893/typescript-actions/app/greeting.ts">
        <metrics statements="2" coveredstatements="2" conditionals="0" coveredconditionals="0" methods="1" coveredmethods="1"/>
        <line num="1" count="1" type="stmt"/>
        <line num="2" count="2" type="stmt"/>
      </file>
    </package>
    <package name="scripts">
      <metrics statements="5" coveredstatements="4" conditionals="5" coveredconditionals="4" methods="1" coveredmethods="1"/>
      <file name="process-greeting.ts" path="/home/vespa9893/typescript-actions/scripts/process-greeting.ts">
        <metrics statements="5" coveredstatements="4" conditionals="5" coveredconditionals="4" methods="1" coveredmethods="1"/>
        <line num="3" count="1" type="stmt"/>
        <line num="4" count="2" type="cond" truecount="4" falsecount="0"/>
        <line num="5" count="2" type="stmt"/>
        <line num="8" count="1" type="cond" truecount="0" falsecount="1"/>
        <line num="9" count="0" type="stmt"/>
      </file>
    </package>
  </project>
</coverage>
