{"/home/vespa9893/typescript-actions/app/greeting.ts": {"path":"/home/vespa9893/typescript-actions/app/greeting.ts","statementMap":{"0":{"start":{"line":1,"column":0},"end":{"line":1,"column":16}},"1":{"start":{"line":2,"column":4},"end":{"line":2,"column":49}}},"fnMap":{"0":{"name":"greet","decl":{"start":{"line":1,"column":16},"end":{"line":1,"column":21}},"loc":{"start":{"line":1,"column":34},"end":{"line":3,"column":3}}}},"branchMap":{},"s":{"0":1,"1":2},"f":{"0":2},"b":{}}
,"/home/vespa9893/typescript-actions/scripts/process-greeting.ts": {"path":"/home/vespa9893/typescript-actions/scripts/process-greeting.ts","statementMap":{"0":{"start":{"line":3,"column":0},"end":{"line":3,"column":16}},"1":{"start":{"line":4,"column":21},"end":{"line":4,"column":63}},"2":{"start":{"line":5,"column":4},"end":{"line":5,"column":45}},"3":{"start":{"line":8,"column":2},"end":{"line":10,"column":3}},"4":{"start":{"line":9,"column":4},"end":{"line":9,"column":35}}},"fnMap":{"0":{"name":"processGreeting","decl":{"start":{"line":3,"column":16},"end":{"line":3,"column":31}},"loc":{"start":{"line":3,"column":31},"end":{"line":6,"column":3}}}},"branchMap":{"0":{"loc":{"start":{"line":4,"column":21},"end":{"line":4,"column":63}},"type":"cond-expr","locations":[{"start":{"line":4,"column":41},"end":{"line":4,"column":45}},{"start":{"line":4,"column":45},"end":{"line":4,"column":63}}]},"1":{"loc":{"start":{"line":4,"column":21},"end":{"line":4,"column":45}},"type":"binary-expr","locations":[{"start":{"line":4,"column":21},"end":{"line":4,"column":45}},{"start":{"line":4,"column":41},"end":{"line":4,"column":45}}]},"2":{"loc":{"start":{"line":8,"column":2},"end":{"line":10,"column":3}},"type":"if","locations":[{"start":{"line":8,"column":2},"end":{"line":10,"column":3}}]}},"s":{"0":1,"1":2,"2":2,"3":1,"4":0},"f":{"0":2},"b":{"0":[1,1],"1":[2,2],"2":[0]}}
}
